<?xml version="1.0" encoding="UTF-8"?>
<!-- Generated by org.testng.reporters.JUnitReportReporter -->
<testsuite skipped="0" hostname="DESKTOP-ID9417T" name="sample.FirstCITest" tests="1" failures="0" timestamp="25 Aug 2017 18:15:58 GMT" time="7.355" errors="0">
  <testcase name="OpenPage" time="7.355" classname="sample.FirstCITest"/>
</testsuite> <!-- sample.FirstCITest -->
