<?xml version="1.0" encoding="UTF-8"?>
<!-- Generated by org.testng.reporters.JUnitReportReporter -->
<testsuite skipped="0" hostname="DESKTOP-ID9417T" name="LaunchVideo.Youtube.OpenVideo" tests="1" failures="0" timestamp="26 Aug 2017 03:21:03 GMT" time="5.922" errors="0">
  <testcase name="OpenPage" time="5.922" classname="LaunchVideo.Youtube.OpenVideo"/>
</testsuite> <!-- LaunchVideo.Youtube.OpenVideo -->
